<?xml version="1.0" encoding="utf-8"?><testsuites name="pytest tests"><testsuite name="pytest" errors="0" failures="0" skipped="0" tests="13" time="2.036" timestamp="2026-01-27T03:11:25.202329+00:00" hostname="agent-env-361bae0a-7d4c-4068-bff0-a0d9aed6a88e"><testcase classname="backend-fe.tests.test_pdf_ride.TestPDFRIDEGeneration" name="test_pdf_endpoint_returns_200" time="0.202" /><testcase classname="backend-fe.tests.test_pdf_ride.TestPDFRIDEGeneration" name="test_pdf_content_type_header" time="0.109" /><testcase classname="backend-fe.tests.test_pdf_ride.TestPDFRIDEGeneration" name="test_pdf_content_disposition_header" time="0.112" /><testcase classname="backend-fe.tests.test_pdf_ride.TestPDFRIDEGeneration" name="test_pdf_is_valid_format" time="0.115" /><testcase classname="backend-fe.tests.test_pdf_ride.TestPDFRIDEGeneration" name="test_pdf_has_reasonable_size" time="0.117" /><testcase classname="backend-fe.tests.test_pdf_ride.TestPDFRIDEGeneration" name="test_pdf_404_for_nonexistent_document" time="0.092" /><testcase classname="backend-fe.tests.test_pdf_ride.TestPDFRIDEGeneration" name="test_pdf_401_without_tenant_header" time="0.086" /><testcase classname="backend-fe.tests.test_pdf_ride.TestDocumentListDates" name="test_document_list_returns_access_key" time="0.085" /><testcase classname="backend-fe.tests.test_pdf_ride.TestDocumentListDates" name="test_access_key_date_format" time="0.085" /><testcase classname="backend-fe.tests.test_pdf_ride.TestDocumentDetail" name="test_document_has_all_ride_sections" time="0.085" /><testcase classname="backend-fe.tests.test_pdf_ride.TestDocumentDetail" name="test_document_is_authorized" time="0.083" /><testcase classname="backend-fe.tests.test_pdf_ride.TestPDFGeneratorCode" name="test_pdf_content_extraction" time="0.115" /><testcase classname="backend-fe.tests.test_pdf_ride.TestPDFGeneratorCode" name="test_pdf_multiple_documents" time="0.585" /></testsuite></testsuites>