<?xml version="1.0" encoding="utf-8"?><testsuites name="pytest tests"><testsuite name="pytest" errors="0" failures="1" skipped="0" tests="13" time="3.216" timestamp="2026-01-27T03:10:29.042079+00:00" hostname="agent-env-361bae0a-7d4c-4068-bff0-a0d9aed6a88e"><testcase classname="backend-fe.tests.test_pdf_ride.TestPDFRIDEGeneration" name="test_pdf_endpoint_returns_200" time="0.391" /><testcase classname="backend-fe.tests.test_pdf_ride.TestPDFRIDEGeneration" name="test_pdf_content_type_header" time="0.200" /><testcase classname="backend-fe.tests.test_pdf_ride.TestPDFRIDEGeneration" name="test_pdf_content_disposition_header" time="0.234" /><testcase classname="backend-fe.tests.test_pdf_ride.TestPDFRIDEGeneration" name="test_pdf_is_valid_format" time="0.244" /><testcase classname="backend-fe.tests.test_pdf_ride.TestPDFRIDEGeneration" name="test_pdf_has_reasonable_size" time="0.193" /><testcase classname="backend-fe.tests.test_pdf_ride.TestPDFRIDEGeneration" name="test_pdf_404_for_nonexistent_document" time="0.079" /><testcase classname="backend-fe.tests.test_pdf_ride.TestPDFRIDEGeneration" name="test_pdf_401_without_tenant_header" time="0.088" /><testcase classname="backend-fe.tests.test_pdf_ride.TestDocumentListDates" name="test_document_list_returns_access_key" time="0.087" /><testcase classname="backend-fe.tests.test_pdf_ride.TestDocumentListDates" name="test_access_key_date_format" time="0.094" /><testcase classname="backend-fe.tests.test_pdf_ride.TestDocumentDetail" name="test_document_has_all_ride_sections" time="0.092" /><testcase classname="backend-fe.tests.test_pdf_ride.TestDocumentDetail" name="test_document_is_authorized" time="0.085" /><testcase classname="backend-fe.tests.test_pdf_ride.TestPDFGeneratorCode" name="test_pdf_contains_barcode_data" time="0.180"><failure message="AssertionError: Access key not found in PDF content&#10;assert (b'2601202601091489783000120010010000000116946198515' in b'%PDF-1.4\n%\x93\x8c\x8b\x9e ReportLab Generated PDF document http://www.reportlab.com\n1 0 obj\n&lt;&lt;\n/F1 2 0 R /F2 3 0 R\n&gt;&gt;\nendobj\n2 0 obj\n&lt;&lt;\n/BaseFont /Helvetica /Encoding /WinAnsiEncoding /Name /F1 /Subtype /Type1 /Type /Font\n&gt;&gt;\nendobj\n3 0 obj\n&lt;&lt;\n/BaseFont /Helvetica-Bold /Encoding /WinAnsiEncoding /Name /F2 /Subtype /Type1 /Type /Font\n&gt;&gt;\nendobj\n4 0 obj\n&lt;&lt;\n/Contents 8 0 R /MediaBox [ 0 0 595.2756 841.8898 ] /Parent 7 0 R /Resources &lt;&lt;\n/Font 1 0 R /ProcSet [ /PDF /Text /ImageB /ImageC /ImageI ]\n&gt;&gt; /Rotate 0 /Trans &lt;&lt;\n\n&gt;&gt; \n  /Type /Page\n&gt;&gt;\nendobj\n5 0 obj\n&lt;&lt;\n/PageMode /UseNone /Pages 7 0 R /Type /Catalog\n&gt;&gt;\nendobj\n6 0 obj\n&lt;&lt;\n/Author (\\(anonymous\\)) /CreationDate (D:20260127031031+00\'00\') /Creator (\\(unspecified\\)) /Keywords () /ModDate (D:20260127031031+00\'00\') /Producer (ReportLab PDF Library - www.reportlab.com) \n  /Subject (\\(unspecified\\)) /Title (\\(anonymous\\)) /Trapped /False\n&gt;&gt;\nendobj\n7 0 obj\n&lt;&lt;\n/Count 1 /Kids [ 4 0 R ] /Type /Pages\n&gt;&gt;\nendobj\n8 0 obj\n&lt;&lt;\n/Filter [ /ASCII85Decode /FlateDecode ] /Length 3045\n&gt;&gt;\nstream\nGatm&gt;=`&lt;%c&amp;q801ka)Ic&quot;/OCi2tJl59RF.N-\'+&amp;dZcEM!.h`,MjcSZXN.:e,o;3oO9d0$=P?k8iY-.WdTK$BL`RE_F/KpGgo&amp;6#N0$*...&quot;qEo.n`/6WITt&lt;P,^`,_OjKIFO`#\\n7b]oUHmFL?oAS&lt;oO*LQ/=jto=MnRg^/&gt;H(kFV\\t!9K:ph39UIng;PpRS)SlI.LNa*7@R#pJXE6&amp;&gt;$#fs4k1);0.$5CaEtFA9DMMmR.4ZnDmPAtno?HjKXZX#J(6)KUP5:r1\'`884E?B39tm91K.lP&quot;)i/=i&lt;]kqRQ+G([Z6RgOhq&amp;b&lt;O$A&gt;H1@jU*)*DTTLjo+es$d%b_l*P^Rf_a4#oVXV0;J&gt;P3q&quot;kRr\\/)7QQ=FQ1`n&lt;Ea^Wu!FA@j9[+X,k7o9dMgOG#?3s./`ibSe5S=!72a\\QLq+3uS.-aOk;ZN#/;Amd$Km\\0OGiKk4eq&amp;R:cbF[s.T&gt;FfGnl$q&quot;3VGSpNm*#](:WO-VSECcfg%,q%TJpr&lt;&gt;!eQ:,&amp;^0oB*W`3:aGDW0V2[&quot;;e5G,UuXP@\'TP@&gt;S]su@o#Cu-.gM[&lt;@XAj#.&lt;l&quot;2&lt;&lt;@C&gt;rJM%8iU`-Zk1LtVcJ\\V\\0s!;1\\FMD&quot;&gt;a2od5A(!5KK$%oVM^e\\*UrgRLW)8_ZT1WCL8B4E4h83m-]T23-)Uf1F.@*2nSL4=+YkK(IVnT^&gt;Hl48-]Ao6?WLL3A6Qgp8OPS3?=U8\'$J8h[ed?E\\Vbe*QnP2G0HCm\'7cS15rOJ&lt;d&amp;C0J`Nf^1!%*iO5qTV6pksH(J^V.9Q,JFSU&gt;/[0LY`eGH&quot;&gt;!nt[QW_eM&amp;rR1_ihJcY\'BiSXY.b---D8SCo`JA3J/=Bmf-8)Z,$~&gt;endstream\nendobj\nxref\n0 9\n0000000000 65535 f \n0000000073 00000 n \n0000000114 00000 n \n0000000221 00000 n \n0000000333 00000 n \n0000000536 00000 n \n0000000604 00000 n \n0000000887 00000 n \n0000000946 00000 n \ntrailer\n&lt;&lt;\n/ID \n[&lt;8d2102d31e235e9603224626fa9b62f6&gt;&lt;8d2102d31e235e9603224626fa9b62f6&gt;]\n% ReportLab generated PDF document -- digest (http://www.reportlab.com)\n\n/Info 6 0 R\n/Root 5 0 R\n/Size 9\n&gt;&gt;\nstartxref\n4082\n%%EOF\n' or b'2601202601' in b'%PDF-1.4\n%\x93\x8c\x8b\x9e ReportLab Generated PDF document http://www.reportlab.com\n1 0 obj\n&lt;&lt;\n/F1 2 0 R /F2 3 0 R\n&gt;&gt;\nendobj\n2 0 obj\n&lt;&lt;\n/BaseFont /Helvetica /Encoding /WinAnsiEncoding /Name /F1 /Subtype /Type1 /Type /Font\n&gt;&gt;\nendobj\n3 0 obj\n&lt;&lt;\n/BaseFont /Helvetica-Bold /Encoding /WinAnsiEncoding /Name /F2 /Subtype /Type1 /Type /Font\n&gt;&gt;\nendobj\n4 0 obj\n&lt;&lt;\n/Contents 8 0 R /MediaBox [ 0 0 595.2756 841.8898 ] /Parent 7 0 R /Resources &lt;&lt;\n/Font 1 0 R /ProcSet [ /PDF /Text /ImageB /ImageC /ImageI ]\n&gt;&gt; /Rotate 0 /Trans &lt;&lt;\n\n&gt;&gt; \n  /Type /Page\n&gt;&gt;\nendobj\n5 0 obj\n&lt;&lt;\n/PageMode /UseNone /Pages 7 0 R /Type /Catalog\n&gt;&gt;\nendobj\n6 0 obj\n&lt;&lt;\n/Author (\\(anonymous\\)) /CreationDate (D:20260127031031+00\'00\') /Creator (\\(unspecified\\)) /Keywords () /ModDate (D:20260127031031+00\'00\') /Producer (ReportLab PDF Library - www.reportlab.com) \n  /Subject (\\(unspecified\\)) /Title (\\(anonymous\\)) /Trapped /False\n&gt;&gt;\nendobj\n7 0 obj\n&lt;&lt;\n/Count 1 /Kids [ 4 0 R ] /Type /Pages\n&gt;&gt;\nendobj\n8 0 obj\n&lt;&lt;\n/Filter [ /ASCII85Decode /FlateDecode ] /Length 3045\n&gt;&gt;\nstream\nGatm&gt;=`&lt;%c&amp;q801ka)Ic&quot;/OCi2tJl59RF.N-\'+&amp;dZcEM!.h`,MjcSZXN.:e,o;3oO9d0$=P?k8iY-.WdTK$BL`RE_F/KpGgo&amp;6#N0$*...&quot;qEo.n`/6WITt&lt;P,^`,_OjKIFO`#\\n7b]oUHmFL?oAS&lt;oO*LQ/=jto=MnRg^/&gt;H(kFV\\t!9K:ph39UIng;PpRS)SlI.LNa*7@R#pJXE6&amp;&gt;$#fs4k1);0.$5CaEtFA9DMMmR.4ZnDmPAtno?HjKXZX#J(6)KUP5:r1\'`884E?B39tm91K.lP&quot;)i/=i&lt;]kqRQ+G([Z6RgOhq&amp;b&lt;O$A&gt;H1@jU*)*DTTLjo+es$d%b_l*P^Rf_a4#oVXV0;J&gt;P3q&quot;kRr\\/)7QQ=FQ1`n&lt;Ea^Wu!FA@j9[+X,k7o9dMgOG#?3s./`ibSe5S=!72a\\QLq+3uS.-aOk;ZN#/;Amd$Km\\0OGiKk4eq&amp;R:cbF[s.T&gt;FfGnl$q&quot;3VGSpNm*#](:WO-VSECcfg%,q%TJpr&lt;&gt;!eQ:,&amp;^0oB*W`3:aGDW0V2[&quot;;e5G,UuXP@\'TP@&gt;S]su@o#Cu-.gM[&lt;@XAj#.&lt;l&quot;2&lt;&lt;@C&gt;rJM%8iU`-Zk1LtVcJ\\V\\0s!;1\\FMD&quot;&gt;a2od5A(!5KK$%oVM^e\\*UrgRLW)8_ZT1WCL8B4E4h83m-]T23-)Uf1F.@*2nSL4=+YkK(IVnT^&gt;Hl48-]Ao6?WLL3A6Qgp8OPS3?=U8\'$J8h[ed?E\\Vbe*QnP2G0HCm\'7cS15rOJ&lt;d&amp;C0J`Nf^1!%*iO5qTV6pksH(J^V.9Q,JFSU&gt;/[0LY`eGH&quot;&gt;!nt[QW_eM&amp;rR1_ihJcY\'BiSXY.b---D8SCo`JA3J/=Bmf-8)Z,$~&gt;endstream\nendobj\nxref\n0 9\n0000000000 65535 f \n0000000073 00000 n \n0000000114 00000 n \n0000000221 00000 n \n0000000333 00000 n \n0000000536 00000 n \n0000000604 00000 n \n0000000887 00000 n \n0000000946 00000 n \ntrailer\n&lt;&lt;\n/ID \n[&lt;8d2102d31e235e9603224626fa9b62f6&gt;&lt;8d2102d31e235e9603224626fa9b62f6&gt;]\n% ReportLab generated PDF document -- digest (http://www.reportlab.com)\n\n/Info 6 0 R\n/Root 5 0 R\n/Size 9\n&gt;&gt;\nstartxref\n4082\n%%EOF\n')&#10; +  where b'2601202601091489783000120010010000000116946198515' = &lt;built-in method encode of str object at 0x79c95b8c03b0&gt;()&#10; +    where &lt;built-in method encode of str object at 0x79c95b8c03b0&gt; = '2601202601091489783000120010010000000116946198515'.encode">backend-fe/tests/test_pdf_ride.py:279: in test_pdf_contains_barcode_data
    assert access_key.encode() in content or b'2601202601' in content, \
E   AssertionError: Access key not found in PDF content
E   assert (b'2601202601091489783000120010010000000116946198515' in b'%PDF-1.4\n%\x93\x8c\x8b\x9e ReportLab Generated PDF document http://www.reportlab.com\n1 0 obj\n&lt;&lt;\n/F1 2 0 R /F2 3 0 R\n&gt;&gt;\nendobj\n2 0 obj\n&lt;&lt;\n/BaseFont /Helvetica /Encoding /WinAnsiEncoding /Name /F1 /Subtype /Type1 /Type /Font\n&gt;&gt;\nendobj\n3 0 obj\n&lt;&lt;\n/BaseFont /Helvetica-Bold /Encoding /WinAnsiEncoding /Name /F2 /Subtype /Type1 /Type /Font\n&gt;&gt;\nendobj\n4 0 obj\n&lt;&lt;\n/Contents 8 0 R /MediaBox [ 0 0 595.2756 841.8898 ] /Parent 7 0 R /Resources &lt;&lt;\n/Font 1 0 R /ProcSet [ /PDF /Text /ImageB /ImageC /ImageI ]\n&gt;&gt; /Rotate 0 /Trans &lt;&lt;\n\n&gt;&gt; \n  /Type /Page\n&gt;&gt;\nendobj\n5 0 obj\n&lt;&lt;\n/PageMode /UseNone /Pages 7 0 R /Type /Catalog\n&gt;&gt;\nendobj\n6 0 obj\n&lt;&lt;\n/Author (\\(anonymous\\)) /CreationDate (D:20260127031031+00\'00\') /Creator (\\(unspecified\\)) /Keywords () /ModDate (D:20260127031031+00\'00\') /Producer (ReportLab PDF Library - www.reportlab.com) \n  /Subject (\\(unspecified\\)) /Title (\\(anonymous\\)) /Trapped /False\n&gt;&gt;\nendobj\n7 0 obj\n&lt;&lt;\n/Count 1 /Kids [ 4 0 R ] /Type /Pages\n&gt;&gt;\nendobj\n8 0 obj\n&lt;&lt;\n/Filter [ /ASCII85Decode /FlateDecode ] /Length 3045\n&gt;&gt;\nstream\nGatm&gt;=`&lt;%c&amp;q801ka)Ic"/OCi2tJl59RF.N-\'+&amp;dZcEM!.h`,MjcSZXN.:e,o;3oO9d0$=P?k8iY-.WdTK$BL`RE_F/KpGgo&amp;6#N0$*..."qEo.n`/6WITt&lt;P,^`,_OjKIFO`#\\n7b]oUHmFL?oAS&lt;oO*LQ/=jto=MnRg^/&gt;H(kFV\\t!9K:ph39UIng;PpRS)SlI.LNa*7@R#pJXE6&amp;&gt;$#fs4k1);0.$5CaEtFA9DMMmR.4ZnDmPAtno?HjKXZX#J(6)KUP5:r1\'`884E?B39tm91K.lP")i/=i&lt;]kqRQ+G([Z6RgOhq&amp;b&lt;O$A&gt;H1@jU*)*DTTLjo+es$d%b_l*P^Rf_a4#oVXV0;J&gt;P3q"kRr\\/)7QQ=FQ1`n&lt;Ea^Wu!FA@j9[+X,k7o9dMgOG#?3s./`ibSe5S=!72a\\QLq+3uS.-aOk;ZN#/;Amd$Km\\0OGiKk4eq&amp;R:cbF[s.T&gt;FfGnl$q"3VGSpNm*#](:WO-VSECcfg%,q%TJpr&lt;&gt;!eQ:,&amp;^0oB*W`3:aGDW0V2[";e5G,UuXP@\'TP@&gt;S]su@o#Cu-.gM[&lt;@XAj#.&lt;l"2&lt;&lt;@C&gt;rJM%8iU`-Zk1LtVcJ\\V\\0s!;1\\FMD"&gt;a2od5A(!5KK$%oVM^e\\*UrgRLW)8_ZT1WCL8B4E4h83m-]T23-)Uf1F.@*2nSL4=+YkK(IVnT^&gt;Hl48-]Ao6?WLL3A6Qgp8OPS3?=U8\'$J8h[ed?E\\Vbe*QnP2G0HCm\'7cS15rOJ&lt;d&amp;C0J`Nf^1!%*iO5qTV6pksH(J^V.9Q,JFSU&gt;/[0LY`eGH"&gt;!nt[QW_eM&amp;rR1_ihJcY\'BiSXY.b---D8SCo`JA3J/=Bmf-8)Z,$~&gt;endstream\nendobj\nxref\n0 9\n0000000000 65535 f \n0000000073 00000 n \n0000000114 00000 n \n0000000221 00000 n \n0000000333 00000 n \n0000000536 00000 n \n0000000604 00000 n \n0000000887 00000 n \n0000000946 00000 n \ntrailer\n&lt;&lt;\n/ID \n[&lt;8d2102d31e235e9603224626fa9b62f6&gt;&lt;8d2102d31e235e9603224626fa9b62f6&gt;]\n% ReportLab generated PDF document -- digest (http://www.reportlab.com)\n\n/Info 6 0 R\n/Root 5 0 R\n/Size 9\n&gt;&gt;\nstartxref\n4082\n%%EOF\n' or b'2601202601' in b'%PDF-1.4\n%\x93\x8c\x8b\x9e ReportLab Generated PDF document http://www.reportlab.com\n1 0 obj\n&lt;&lt;\n/F1 2 0 R /F2 3 0 R\n&gt;&gt;\nendobj\n2 0 obj\n&lt;&lt;\n/BaseFont /Helvetica /Encoding /WinAnsiEncoding /Name /F1 /Subtype /Type1 /Type /Font\n&gt;&gt;\nendobj\n3 0 obj\n&lt;&lt;\n/BaseFont /Helvetica-Bold /Encoding /WinAnsiEncoding /Name /F2 /Subtype /Type1 /Type /Font\n&gt;&gt;\nendobj\n4 0 obj\n&lt;&lt;\n/Contents 8 0 R /MediaBox [ 0 0 595.2756 841.8898 ] /Parent 7 0 R /Resources &lt;&lt;\n/Font 1 0 R /ProcSet [ /PDF /Text /ImageB /ImageC /ImageI ]\n&gt;&gt; /Rotate 0 /Trans &lt;&lt;\n\n&gt;&gt; \n  /Type /Page\n&gt;&gt;\nendobj\n5 0 obj\n&lt;&lt;\n/PageMode /UseNone /Pages 7 0 R /Type /Catalog\n&gt;&gt;\nendobj\n6 0 obj\n&lt;&lt;\n/Author (\\(anonymous\\)) /CreationDate (D:20260127031031+00\'00\') /Creator (\\(unspecified\\)) /Keywords () /ModDate (D:20260127031031+00\'00\') /Producer (ReportLab PDF Library - www.reportlab.com) \n  /Subject (\\(unspecified\\)) /Title (\\(anonymous\\)) /Trapped /False\n&gt;&gt;\nendobj\n7 0 obj\n&lt;&lt;\n/Count 1 /Kids [ 4 0 R ] /Type /Pages\n&gt;&gt;\nendobj\n8 0 obj\n&lt;&lt;\n/Filter [ /ASCII85Decode /FlateDecode ] /Length 3045\n&gt;&gt;\nstream\nGatm&gt;=`&lt;%c&amp;q801ka)Ic"/OCi2tJl59RF.N-\'+&amp;dZcEM!.h`,MjcSZXN.:e,o;3oO9d0$=P?k8iY-.WdTK$BL`RE_F/KpGgo&amp;6#N0$*..."qEo.n`/6WITt&lt;P,^`,_OjKIFO`#\\n7b]oUHmFL?oAS&lt;oO*LQ/=jto=MnRg^/&gt;H(kFV\\t!9K:ph39UIng;PpRS)SlI.LNa*7@R#pJXE6&amp;&gt;$#fs4k1);0.$5CaEtFA9DMMmR.4ZnDmPAtno?HjKXZX#J(6)KUP5:r1\'`884E?B39tm91K.lP")i/=i&lt;]kqRQ+G([Z6RgOhq&amp;b&lt;O$A&gt;H1@jU*)*DTTLjo+es$d%b_l*P^Rf_a4#oVXV0;J&gt;P3q"kRr\\/)7QQ=FQ1`n&lt;Ea^Wu!FA@j9[+X,k7o9dMgOG#?3s./`ibSe5S=!72a\\QLq+3uS.-aOk;ZN#/;Amd$Km\\0OGiKk4eq&amp;R:cbF[s.T&gt;FfGnl$q"3VGSpNm*#](:WO-VSECcfg%,q%TJpr&lt;&gt;!eQ:,&amp;^0oB*W`3:aGDW0V2[";e5G,UuXP@\'TP@&gt;S]su@o#Cu-.gM[&lt;@XAj#.&lt;l"2&lt;&lt;@C&gt;rJM%8iU`-Zk1LtVcJ\\V\\0s!;1\\FMD"&gt;a2od5A(!5KK$%oVM^e\\*UrgRLW)8_ZT1WCL8B4E4h83m-]T23-)Uf1F.@*2nSL4=+YkK(IVnT^&gt;Hl48-]Ao6?WLL3A6Qgp8OPS3?=U8\'$J8h[ed?E\\Vbe*QnP2G0HCm\'7cS15rOJ&lt;d&amp;C0J`Nf^1!%*iO5qTV6pksH(J^V.9Q,JFSU&gt;/[0LY`eGH"&gt;!nt[QW_eM&amp;rR1_ihJcY\'BiSXY.b---D8SCo`JA3J/=Bmf-8)Z,$~&gt;endstream\nendobj\nxref\n0 9\n0000000000 65535 f \n0000000073 00000 n \n0000000114 00000 n \n0000000221 00000 n \n0000000333 00000 n \n0000000536 00000 n \n0000000604 00000 n \n0000000887 00000 n \n0000000946 00000 n \ntrailer\n&lt;&lt;\n/ID \n[&lt;8d2102d31e235e9603224626fa9b62f6&gt;&lt;8d2102d31e235e9603224626fa9b62f6&gt;]\n% ReportLab generated PDF document -- digest (http://www.reportlab.com)\n\n/Info 6 0 R\n/Root 5 0 R\n/Size 9\n&gt;&gt;\nstartxref\n4082\n%%EOF\n')
E    +  where b'2601202601091489783000120010010000000116946198515' = &lt;built-in method encode of str object at 0x79c95b8c03b0&gt;()
E    +    where &lt;built-in method encode of str object at 0x79c95b8c03b0&gt; = '2601202601091489783000120010010000000116946198515'.encode</failure></testcase><testcase classname="backend-fe.tests.test_pdf_ride.TestPDFGeneratorCode" name="test_pdf_multiple_documents" time="0.674" /></testsuite></testsuites>