<?xml version="1.0" encoding="utf-8"?><testsuites name="pytest tests"><testsuite name="pytest" errors="0" failures="0" skipped="0" tests="9" time="14.924" timestamp="2026-01-13T01:11:25.893678+00:00" hostname="agent-env-c3d115a5-823a-4fd7-b6c1-1202156054a0"><testcase classname="tests.test_funciones_api.TestFuncionesAPI" name="test_get_funciones_returns_all_7_functions" time="0.724" /><testcase classname="tests.test_funciones_api.TestFuncionesAPI" name="test_update_funciones_all_enabled" time="2.193" /><testcase classname="tests.test_funciones_api.TestFuncionesAPI" name="test_update_funciones_all_disabled" time="1.588" /><testcase classname="tests.test_funciones_api.TestFuncionesAPI" name="test_update_new_functions_individually" time="3.465" /><testcase classname="tests.test_funciones_api.TestDashboardAPI" name="test_dashboard_with_date_range" time="1.685" /><testcase classname="tests.test_funciones_api.TestDashboardAPI" name="test_facturas_with_date_range" time="2.511" /><testcase classname="tests.test_funciones_api.TestAuthAndBasicEndpoints" name="test_login_success" time="1.636" /><testcase classname="tests.test_funciones_api.TestAuthAndBasicEndpoints" name="test_login_invalid_credentials" time="0.373" /><testcase classname="tests.test_funciones_api.TestAuthAndBasicEndpoints" name="test_protected_endpoint_without_auth" time="0.472" /></testsuite></testsuites>