<?xml version="1.0" encoding="utf-8"?><testsuites name="pytest tests"><testsuite name="pytest" errors="0" failures="0" skipped="0" tests="20" time="8.082" timestamp="2026-02-04T00:26:35.409184+00:00" hostname="agent-env-225610e2-428b-4efc-82ee-0bc4b7c40dc9"><testcase classname="backend.tests.test_planes_api.TestPublicPlanesAPI" name="test_get_planes_publicos_success" time="0.138" /><testcase classname="backend.tests.test_planes_api.TestPublicPlanesAPI" name="test_planes_include_expected_plans" time="0.056" /><testcase classname="backend.tests.test_planes_api.TestPublicPlanesAPI" name="test_planes_pro_is_destacado" time="0.058" /><testcase classname="backend.tests.test_planes_api.TestAuthenticatedPlanesAPI" name="test_get_mi_plan_success" time="0.423" /><testcase classname="backend.tests.test_planes_api.TestAuthenticatedPlanesAPI" name="test_get_mi_plan_unauthorized" time="0.049" /><testcase classname="backend.tests.test_planes_api.TestAuthenticatedPlanesAPI" name="test_verificar_limite_facturas" time="0.381" /><testcase classname="backend.tests.test_planes_api.TestAuthenticatedPlanesAPI" name="test_verificar_limite_usuarios" time="0.380" /><testcase classname="backend.tests.test_planes_api.TestAuthenticatedPlanesAPI" name="test_verificar_limite_productos" time="0.373" /><testcase classname="backend.tests.test_planes_api.TestAuthenticatedPlanesAPI" name="test_verificar_limite_tpv" time="0.378" /><testcase classname="backend.tests.test_planes_api.TestAuthenticatedPlanesAPI" name="test_verificar_limite_clientes" time="0.380" /><testcase classname="backend.tests.test_planes_api.TestSuperAdminAPI" name="test_superadmin_dashboard" time="0.390" /><testcase classname="backend.tests.test_planes_api.TestSuperAdminAPI" name="test_superadmin_get_all_planes" time="0.397" /><testcase classname="backend.tests.test_planes_api.TestSuperAdminAPI" name="test_superadmin_get_organizaciones" time="0.390" /><testcase classname="backend.tests.test_planes_api.TestSuperAdminAPI" name="test_superadmin_create_plan" time="0.536" /><testcase classname="backend.tests.test_planes_api.TestSuperAdminAPI" name="test_superadmin_update_plan" time="0.644" /><testcase classname="backend.tests.test_planes_api.TestSuperAdminAPI" name="test_superadmin_delete_plan" time="0.506" /><testcase classname="backend.tests.test_planes_api.TestSuperAdminAPI" name="test_superadmin_unauthorized_access" time="0.093" /><testcase classname="backend.tests.test_planes_api.TestNonAdminAccess" name="test_regular_user_cannot_access_superadmin_dashboard" time="0.786" /><testcase classname="backend.tests.test_planes_api.TestNonAdminAccess" name="test_regular_user_cannot_access_superadmin_planes" time="0.696" /><testcase classname="backend.tests.test_planes_api.TestNonAdminAccess" name="test_regular_user_can_access_mi_plan" time="0.714" /></testsuite></testsuites>