<?xml version="1.0" encoding="utf-8"?><testsuites name="pytest tests"><testsuite name="pytest" errors="0" failures="4" skipped="0" tests="10" time="1.185" timestamp="2026-01-26T21:41:09.694952+00:00" hostname="agent-env-03f72bfc-d705-4e8f-93a9-6efceb31fbcc"><testcase classname="backend.tests.test_fe_api.TestFEHealthCheck" name="test_health_check_returns_ok" time="0.143" /><testcase classname="backend.tests.test_fe_api.TestFEConfigEmitter" name="test_get_config_empty_tenant" time="0.087" /><testcase classname="backend.tests.test_fe_api.TestFEConfigEmitter" name="test_save_emitter_config_success" time="0.078"><failure message="assert 400 == 200&#10; +  where 400 = &lt;Response [400]&gt;.status_code">backend/tests/test_fe_api.py:74: in test_save_emitter_config_success
    assert response.status_code == 200
E   assert 400 == 200
E    +  where 400 = &lt;Response [400]&gt;.status_code</failure></testcase><testcase classname="backend.tests.test_fe_api.TestFEConfigEmitter" name="test_save_emitter_invalid_ruc" time="0.087"><failure message="assert 422 == 400&#10; +  where 422 = &lt;Response [422]&gt;.status_code">backend/tests/test_fe_api.py:114: in test_save_emitter_invalid_ruc
    assert response.status_code == 400
E   assert 422 == 400
E    +  where 422 = &lt;Response [422]&gt;.status_code</failure></testcase><testcase classname="backend.tests.test_fe_api.TestFEConfigEmitter" name="test_save_emitter_invalid_email" time="0.085"><failure message="assert 422 == 400&#10; +  where 422 = &lt;Response [422]&gt;.status_code">backend/tests/test_fe_api.py:139: in test_save_emitter_invalid_email
    assert response.status_code == 400
E   assert 422 == 400
E    +  where 422 = &lt;Response [422]&gt;.status_code</failure></testcase><testcase classname="backend.tests.test_fe_api.TestFEDocuments" name="test_list_documents_empty" time="0.080" /><testcase classname="backend.tests.test_fe_api.TestFEDocuments" name="test_list_documents_with_filters" time="0.083" /><testcase classname="backend.tests.test_fe_api.TestFEDocuments" name="test_get_document_not_found" time="0.082" /><testcase classname="backend.tests.test_fe_api.TestFECertificate" name="test_delete_certificate_no_cert" time="0.077" /><testcase classname="backend.tests.test_fe_api.TestFETenantHeader" name="test_config_without_tenant_header" time="0.081"><failure message="assert 401 in [200, 400]&#10; +  where 401 = &lt;Response [401]&gt;.status_code">backend/tests/test_fe_api.py:223: in test_config_without_tenant_header
    assert response.status_code in [200, 400]
E   assert 401 in [200, 400]
E    +  where 401 = &lt;Response [401]&gt;.status_code</failure></testcase></testsuite></testsuites>