<?xml version="1.0" encoding="utf-8"?><testsuites name="pytest tests"><testsuite name="pytest" errors="0" failures="0" skipped="0" tests="21" time="5.243" timestamp="2026-01-28T04:28:17.436002+00:00" hostname="agent-env-3bde3bbd-08af-441a-83f8-8ecf54786371"><testcase classname="backend.tests.test_perfiles_usuarios.TestAuth" name="test_login_success" time="0.458" /><testcase classname="backend.tests.test_perfiles_usuarios.TestAuth" name="test_login_invalid_credentials" time="0.057" /><testcase classname="backend.tests.test_perfiles_usuarios.TestPerfiles" name="test_get_perfiles_creates_defaults" time="0.389" /><testcase classname="backend.tests.test_perfiles_usuarios.TestPerfiles" name="test_get_perfil_by_id" time="0.133" /><testcase classname="backend.tests.test_perfiles_usuarios.TestPerfiles" name="test_get_perfil_not_found" time="0.070" /><testcase classname="backend.tests.test_perfiles_usuarios.TestPerfiles" name="test_create_custom_perfil" time="0.113" /><testcase classname="backend.tests.test_perfiles_usuarios.TestPerfiles" name="test_update_custom_perfil" time="0.171" /><testcase classname="backend.tests.test_perfiles_usuarios.TestPerfiles" name="test_cannot_update_system_perfil" time="0.127" /><testcase classname="backend.tests.test_perfiles_usuarios.TestPerfiles" name="test_delete_custom_perfil" time="0.168" /><testcase classname="backend.tests.test_perfiles_usuarios.TestPerfiles" name="test_cannot_delete_system_perfil" time="0.109" /><testcase classname="backend.tests.test_perfiles_usuarios.TestUsuarios" name="test_get_usuarios" time="0.059" /><testcase classname="backend.tests.test_perfiles_usuarios.TestUsuarios" name="test_create_usuario_with_perfil" time="0.456" /><testcase classname="backend.tests.test_perfiles_usuarios.TestUsuarios" name="test_create_usuario_auto_assigns_perfil" time="0.401" /><testcase classname="backend.tests.test_perfiles_usuarios.TestUsuarios" name="test_create_usuario_generates_pin_for_cajero" time="0.396" /><testcase classname="backend.tests.test_perfiles_usuarios.TestUsuarios" name="test_update_usuario_with_perfil" time="0.528" /><testcase classname="backend.tests.test_perfiles_usuarios.TestUsuarios" name="test_cannot_create_propietario" time="0.052" /><testcase classname="backend.tests.test_perfiles_usuarios.TestUsuarios" name="test_delete_usuario" time="0.378" /><testcase classname="backend.tests.test_perfiles_usuarios.TestUsuarios" name="test_cannot_delete_perfil_with_users" time="0.539" /><testcase classname="backend.tests.test_perfiles_usuarios.TestPerfilPermissions" name="test_perfil_has_pos_permissions" time="0.061" /><testcase classname="backend.tests.test_perfiles_usuarios.TestPerfilPermissions" name="test_perfil_has_backoffice_permissions" time="0.062" /><testcase classname="backend.tests.test_perfiles_usuarios.TestCleanup" name="test_cleanup_test_data" time="0.173" /></testsuite></testsuites>