<?xml version="1.0" encoding="utf-8"?><testsuites name="pytest tests"><testsuite name="pytest" errors="0" failures="0" skipped="0" tests="10" time="1.145" timestamp="2026-01-26T21:41:59.535739+00:00" hostname="agent-env-03f72bfc-d705-4e8f-93a9-6efceb31fbcc"><testcase classname="backend.tests.test_fe_api.TestFEHealthCheck" name="test_health_check_returns_ok" time="0.131" /><testcase classname="backend.tests.test_fe_api.TestFEConfigEmitter" name="test_get_config_empty_tenant" time="0.090" /><testcase classname="backend.tests.test_fe_api.TestFEConfigEmitter" name="test_save_emitter_config_success" time="0.193" /><testcase classname="backend.tests.test_fe_api.TestFEConfigEmitter" name="test_save_emitter_invalid_ruc_short" time="0.086" /><testcase classname="backend.tests.test_fe_api.TestFEConfigEmitter" name="test_save_emitter_invalid_email" time="0.081" /><testcase classname="backend.tests.test_fe_api.TestFEDocuments" name="test_list_documents_empty" time="0.085" /><testcase classname="backend.tests.test_fe_api.TestFEDocuments" name="test_list_documents_with_filters" time="0.083" /><testcase classname="backend.tests.test_fe_api.TestFEDocuments" name="test_get_document_not_found" time="0.094" /><testcase classname="backend.tests.test_fe_api.TestFECertificate" name="test_delete_certificate_no_cert" time="0.089" /><testcase classname="backend.tests.test_fe_api.TestFETenantHeader" name="test_config_without_tenant_header" time="0.083" /></testsuite></testsuites>