<?xml version="1.0" encoding="utf-8"?><testsuites name="pytest tests"><testsuite name="pytest" errors="0" failures="0" skipped="0" tests="13" time="3.104" timestamp="2026-02-11T04:31:08.782981+00:00" hostname="agent-env-49353c6a-77d9-4205-96da-da3831536e5c"><testcase classname="backend.tests.test_funciones_impresoras.TestFuncionesEndpoints" name="test_get_funciones_success" time="0.628" /><testcase classname="backend.tests.test_funciones_impresoras.TestFuncionesEndpoints" name="test_get_funciones_unauthorized" time="0.083" /><testcase classname="backend.tests.test_funciones_impresoras.TestFuncionesEndpoints" name="test_put_funciones_update" time="0.253" /><testcase classname="backend.tests.test_funciones_impresoras.TestFuncionesEndpoints" name="test_put_funciones_unauthorized" time="0.079" /><testcase classname="backend.tests.test_funciones_impresoras.TestGruposImpresoraEndpoints" name="test_get_grupos_impresora_success" time="0.081" /><testcase classname="backend.tests.test_funciones_impresoras.TestGruposImpresoraEndpoints" name="test_get_grupos_impresora_unauthorized" time="0.079" /><testcase classname="backend.tests.test_funciones_impresoras.TestGruposImpresoraEndpoints" name="test_create_grupo_impresora" time="0.260" /><testcase classname="backend.tests.test_funciones_impresoras.TestGruposImpresoraEndpoints" name="test_create_grupo_impresora_with_categorias" time="0.299" /><testcase classname="backend.tests.test_funciones_impresoras.TestGruposImpresoraEndpoints" name="test_update_grupo_impresora" time="0.307" /><testcase classname="backend.tests.test_funciones_impresoras.TestGruposImpresoraEndpoints" name="test_delete_grupo_impresora" time="0.330" /><testcase classname="backend.tests.test_funciones_impresoras.TestGruposImpresoraEndpoints" name="test_delete_grupo_impresora_not_found" time="0.211" /><testcase classname="backend.tests.test_funciones_impresoras.TestGruposImpresoraEndpoints" name="test_create_grupo_impresora_unauthorized" time="0.089" /><testcase classname="backend.tests.test_funciones_impresoras.TestCategoriasEndpoint" name="test_get_categorias_success" time="0.072" /></testsuite></testsuites>